QoP/SoundPlusPlus-master/build/outputs/logs/manifest-merger-debug-report.txt
-- Merging decision tree log ---
manifest
ADDED from source/SoundPlusPlus-master/AndroidManifest.xml:24:1-188:12
	package
		ADDED from source/SoundPlusPlus-master/AndroidManifest.xml:25:2-44
		INJECTED from source/SoundPlusPlus-master/AndroidManifest.xml
		INJECTED from source/SoundPlusPlus-master/AndroidManifest.xml
	android:versionName
		ADDED from source/SoundPlusPlus-master/AndroidManifest.xml:26:2-30
		INJECTED from source/SoundPlusPlus-master/AndroidManifest.xml
		INJECTED from source/SoundPlusPlus-master/AndroidManifest.xml
	android:versionCode
		ADDED from source/SoundPlusPlus-master/AndroidManifest.xml:27:2-29
		INJECTED from source/SoundPlusPlus-master/AndroidManifest.xml
		INJECTED from source/SoundPlusPlus-master/AndroidManifest.xml
	xmlns:android
		ADDED from source/SoundPlusPlus-master/AndroidManifest.xml:24:11-69
	android:installLocation
		ADDED from source/SoundPlusPlus-master/AndroidManifest.xml:28:2-32
uses-sdk
ADDED from source/SoundPlusPlus-master/AndroidManifest.xml:29:2-71
	android:targetSdkVersion
		ADDED from source/SoundPlusPlus-master/AndroidManifest.xml:29:39-68
		INJECTED from source/SoundPlusPlus-master/AndroidManifest.xml
		INJECTED from source/SoundPlusPlus-master/AndroidManifest.xml
	android:minSdkVersion
		ADDED from source/SoundPlusPlus-master/AndroidManifest.xml:29:12-38
		INJECTED from source/SoundPlusPlus-master/AndroidManifest.xml
		INJECTED from source/SoundPlusPlus-master/AndroidManifest.xml
uses-permission#android.permission.WAKE_LOCK
ADDED from source/SoundPlusPlus-master/AndroidManifest.xml:30:2-65
	android:name
		ADDED from source/SoundPlusPlus-master/AndroidManifest.xml:30:19-62
uses-permission#android.permission.READ_EXTERNAL_STORAGE
ADDED from source/SoundPlusPlus-master/AndroidManifest.xml:31:2-76
	android:name
		ADDED from source/SoundPlusPlus-master/AndroidManifest.xml:31:19-74
uses-permission#android.permission.WRITE_EXTERNAL_STORAGE
ADDED from source/SoundPlusPlus-master/AndroidManifest.xml:32:2-77
	android:name
		ADDED from source/SoundPlusPlus-master/AndroidManifest.xml:32:19-75
uses-permission#android.permission.MODIFY_AUDIO_SETTINGS
ADDED from source/SoundPlusPlus-master/AndroidManifest.xml:34:2-77
	android:name
		ADDED from source/SoundPlusPlus-master/AndroidManifest.xml:34:19-74
application
ADDED from source/SoundPlusPlus-master/AndroidManifest.xml:35:2-187:16
	android:label
		ADDED from source/SoundPlusPlus-master/AndroidManifest.xml:37:3-26
	android:icon
		ADDED from source/SoundPlusPlus-master/AndroidManifest.xml:36:3-32
meta-data#com.mirrorlink.android.rockscout.allow-offline-access
ADDED from source/SoundPlusPlus-master/AndroidManifest.xml:39:3-41:26
	android:value
		ADDED from source/SoundPlusPlus-master/AndroidManifest.xml:41:3-23
	android:name
		ADDED from source/SoundPlusPlus-master/AndroidManifest.xml:40:3-71
activity#ch.teamuit.android.soundplusplus.FullPlaybackActivity
ADDED from source/SoundPlusPlus-master/AndroidManifest.xml:43:3-45:38
	android:launchMode
		ADDED from source/SoundPlusPlus-master/AndroidManifest.xml:45:4-35
	android:name
		ADDED from source/SoundPlusPlus-master/AndroidManifest.xml:44:4-72
activity#ch.teamuit.android.soundplusplus.LibraryActivity
ADDED from source/SoundPlusPlus-master/AndroidManifest.xml:46:3-56:14
	android:launchMode
		ADDED from source/SoundPlusPlus-master/AndroidManifest.xml:49:4-35
	android:theme
		ADDED from source/SoundPlusPlus-master/AndroidManifest.xml:48:4-34
	android:name
		ADDED from source/SoundPlusPlus-master/AndroidManifest.xml:47:4-67
intent-filter#android.intent.action.MAIN+android.intent.category.APP_MUSIC+android.intent.category.DEFAULT+android.intent.category.LAUNCHER
ADDED from source/SoundPlusPlus-master/AndroidManifest.xml:50:4-55:20
action#android.intent.action.MAIN
ADDED from source/SoundPlusPlus-master/AndroidManifest.xml:51:5-57
	android:name
		ADDED from source/SoundPlusPlus-master/AndroidManifest.xml:51:13-54
category#android.intent.category.LAUNCHER
ADDED from source/SoundPlusPlus-master/AndroidManifest.xml:52:5-65
	android:name
		ADDED from source/SoundPlusPlus-master/AndroidManifest.xml:52:15-62
category#android.intent.category.APP_MUSIC
ADDED from source/SoundPlusPlus-master/AndroidManifest.xml:53:5-66
	android:name
		ADDED from source/SoundPlusPlus-master/AndroidManifest.xml:53:15-63
category#android.intent.category.DEFAULT
ADDED from source/SoundPlusPlus-master/AndroidManifest.xml:54:5-64
	android:name
		ADDED from source/SoundPlusPlus-master/AndroidManifest.xml:54:15-61
activity#ch.teamuit.android.soundplusplus.PlaylistActivity
ADDED from source/SoundPlusPlus-master/AndroidManifest.xml:57:3-59:38
	android:launchMode
		ADDED from source/SoundPlusPlus-master/AndroidManifest.xml:59:4-35
	android:name
		ADDED from source/SoundPlusPlus-master/AndroidManifest.xml:58:4-68
activity#ch.teamuit.android.soundplusplus.MiniPlaybackActivity
ADDED from source/SoundPlusPlus-master/AndroidManifest.xml:60:3-64:42
	android:excludeFromRecents
		ADDED from source/SoundPlusPlus-master/AndroidManifest.xml:63:4-37
	android:launchMode
		ADDED from source/SoundPlusPlus-master/AndroidManifest.xml:64:4-39
	android:theme
		ADDED from source/SoundPlusPlus-master/AndroidManifest.xml:62:4-38
	android:name
		ADDED from source/SoundPlusPlus-master/AndroidManifest.xml:61:4-72
receiver#ch.teamuit.android.soundplusplus.OneCellWidget
ADDED from source/SoundPlusPlus-master/AndroidManifest.xml:65:3-74:14
	android:label
		ADDED from source/SoundPlusPlus-master/AndroidManifest.xml:67:4-37
	android:name
		ADDED from source/SoundPlusPlus-master/AndroidManifest.xml:66:4-65
intent-filter#android.appwidget.action.APPWIDGET_UPDATE
ADDED from source/SoundPlusPlus-master/AndroidManifest.xml:68:4-70:20
action#android.appwidget.action.APPWIDGET_UPDATE
ADDED from source/SoundPlusPlus-master/AndroidManifest.xml:69:5-72
	android:name
		ADDED from source/SoundPlusPlus-master/AndroidManifest.xml:69:13-69
meta-data#android.appwidget.provider
ADDED from source/SoundPlusPlus-master/AndroidManifest.xml:71:4-73:47
	android:resource
		ADDED from source/SoundPlusPlus-master/AndroidManifest.xml:73:5-44
	android:name
		ADDED from source/SoundPlusPlus-master/AndroidManifest.xml:72:5-46
receiver#ch.teamuit.android.soundplusplus.FourLongWidget
ADDED from source/SoundPlusPlus-master/AndroidManifest.xml:75:3-84:14
	android:label
		ADDED from source/SoundPlusPlus-master/AndroidManifest.xml:77:4-39
	android:name
		ADDED from source/SoundPlusPlus-master/AndroidManifest.xml:76:4-66
receiver#ch.teamuit.android.soundplusplus.FourWhiteWidget
ADDED from source/SoundPlusPlus-master/AndroidManifest.xml:85:3-94:14
	android:label
		ADDED from source/SoundPlusPlus-master/AndroidManifest.xml:87:4-43
	android:name
		ADDED from source/SoundPlusPlus-master/AndroidManifest.xml:86:4-67
receiver#ch.teamuit.android.soundplusplus.WidgetE
ADDED from source/SoundPlusPlus-master/AndroidManifest.xml:95:3-104:14
	android:label
		ADDED from source/SoundPlusPlus-master/AndroidManifest.xml:97:4-39
	android:name
		ADDED from source/SoundPlusPlus-master/AndroidManifest.xml:96:4-59
receiver#ch.teamuit.android.soundplusplus.FourSquareWidget
ADDED from source/SoundPlusPlus-master/AndroidManifest.xml:105:3-114:14
	android:label
		ADDED from source/SoundPlusPlus-master/AndroidManifest.xml:107:4-39
	android:name
		ADDED from source/SoundPlusPlus-master/AndroidManifest.xml:106:4-68
receiver#ch.teamuit.android.soundplusplus.WidgetD
ADDED from source/SoundPlusPlus-master/AndroidManifest.xml:115:3-124:14
	android:label
		ADDED from source/SoundPlusPlus-master/AndroidManifest.xml:117:4-39
	android:name
		ADDED from source/SoundPlusPlus-master/AndroidManifest.xml:116:4-59
receiver#ch.teamuit.android.soundplusplus.MediaButtonReceiver
ADDED from source/SoundPlusPlus-master/AndroidManifest.xml:125:3-129:14
	android:name
		ADDED from source/SoundPlusPlus-master/AndroidManifest.xml:125:13-80
intent-filter#android.intent.action.MEDIA_BUTTON
ADDED from source/SoundPlusPlus-master/AndroidManifest.xml:126:4-128:20
	android:priority
		ADDED from source/SoundPlusPlus-master/AndroidManifest.xml:126:19-41
action#android.intent.action.MEDIA_BUTTON
ADDED from source/SoundPlusPlus-master/AndroidManifest.xml:127:5-65
	android:name
		ADDED from source/SoundPlusPlus-master/AndroidManifest.xml:127:13-62
service#ch.teamuit.android.soundplusplus.PlaybackService
ADDED from source/SoundPlusPlus-master/AndroidManifest.xml:130:3-138:13
	android:name
		ADDED from source/SoundPlusPlus-master/AndroidManifest.xml:130:12-75
intent-filter#ch.blinkenlights.android.vanilla.action.NEXT_SONG+ch.blinkenlights.android.vanilla.action.PAUSE+ch.blinkenlights.android.vanilla.action.PLAY+ch.blinkenlights.android.vanilla.action.PREVIOUS_SONG+ch.blinkenlights.android.vanilla.action.TOGGLE_PLAYBACK
ADDED from source/SoundPlusPlus-master/AndroidManifest.xml:131:4-137:20
action#ch.blinkenlights.android.vanilla.action.PLAY
ADDED from source/SoundPlusPlus-master/AndroidManifest.xml:132:5-75
	android:name
		ADDED from source/SoundPlusPlus-master/AndroidManifest.xml:132:13-72
action#ch.blinkenlights.android.vanilla.action.PAUSE
ADDED from source/SoundPlusPlus-master/AndroidManifest.xml:133:5-76
	android:name
		ADDED from source/SoundPlusPlus-master/AndroidManifest.xml:133:13-73
action#ch.blinkenlights.android.vanilla.action.TOGGLE_PLAYBACK
ADDED from source/SoundPlusPlus-master/AndroidManifest.xml:134:5-86
	android:name
		ADDED from source/SoundPlusPlus-master/AndroidManifest.xml:134:13-83
action#ch.blinkenlights.android.vanilla.action.NEXT_SONG
ADDED from source/SoundPlusPlus-master/AndroidManifest.xml:135:5-80
	android:name
		ADDED from source/SoundPlusPlus-master/AndroidManifest.xml:135:13-77
action#ch.blinkenlights.android.vanilla.action.PREVIOUS_SONG
ADDED from source/SoundPlusPlus-master/AndroidManifest.xml:136:5-84
	android:name
		ADDED from source/SoundPlusPlus-master/AndroidManifest.xml:136:13-81
service#ch.teamuit.android.soundplusplus.MirrorLinkMediaBrowserService
ADDED from source/SoundPlusPlus-master/AndroidManifest.xml:140:3-146:13
	android:exported
		ADDED from source/SoundPlusPlus-master/AndroidManifest.xml:142:4-27
	android:name
		ADDED from source/SoundPlusPlus-master/AndroidManifest.xml:141:4-81
intent-filter#android.media.browse.MediaBrowserService
ADDED from source/SoundPlusPlus-master/AndroidManifest.xml:143:4-145:20
action#android.media.browse.MediaBrowserService
ADDED from source/SoundPlusPlus-master/AndroidManifest.xml:144:5-71
	android:name
		ADDED from source/SoundPlusPlus-master/AndroidManifest.xml:144:13-68
activity#ch.teamuit.android.soundplusplus.PreferencesActivity
ADDED from source/SoundPlusPlus-master/AndroidManifest.xml:148:3-149:74
	android:name
		ADDED from source/SoundPlusPlus-master/AndroidManifest.xml:149:4-71
activity#ch.teamuit.android.soundplusplus.TabOrderActivity
ADDED from source/SoundPlusPlus-master/AndroidManifest.xml:150:3-151:71
	android:name
		ADDED from source/SoundPlusPlus-master/AndroidManifest.xml:151:4-68
activity#ch.teamuit.android.soundplusplus.FilebrowserStartActivity
ADDED from source/SoundPlusPlus-master/AndroidManifest.xml:152:3-153:79
	android:name
		ADDED from source/SoundPlusPlus-master/AndroidManifest.xml:153:4-76
activity#ch.teamuit.android.soundplusplus.PermissionRequestActivity
ADDED from source/SoundPlusPlus-master/AndroidManifest.xml:154:3-156:66
	android:theme
		ADDED from source/SoundPlusPlus-master/AndroidManifest.xml:156:4-63
	android:name
		ADDED from source/SoundPlusPlus-master/AndroidManifest.xml:155:4-77
activity#ch.teamuit.android.soundplusplus.AudioPickerActivity
ADDED from source/SoundPlusPlus-master/AndroidManifest.xml:158:3-181:14
	android:excludeFromRecents
		ADDED from source/SoundPlusPlus-master/AndroidManifest.xml:159:4-37
	android:exported
		ADDED from source/SoundPlusPlus-master/AndroidManifest.xml:159:38-61
	android:theme
		ADDED from source/SoundPlusPlus-master/AndroidManifest.xml:158:81-115
	android:name
		ADDED from source/SoundPlusPlus-master/AndroidManifest.xml:158:13-80
intent-filter#android.intent.action.VIEW+android.intent.category.DEFAULT
ADDED from source/SoundPlusPlus-master/AndroidManifest.xml:160:4-169:20
action#android.intent.action.VIEW
ADDED from source/SoundPlusPlus-master/AndroidManifest.xml:161:5-57
	android:name
		ADDED from source/SoundPlusPlus-master/AndroidManifest.xml:161:13-54
data
ADDED from source/SoundPlusPlus-master/AndroidManifest.xml:163:5-34
	android:scheme
		ADDED from source/SoundPlusPlus-master/AndroidManifest.xml:163:11-32
meta-data#com.google.android.backup.api_key
ADDED from source/SoundPlusPlus-master/AndroidManifest.xml:183:3-185:73
	android:value
		ADDED from source/SoundPlusPlus-master/AndroidManifest.xml:185:4-70
	android:name
		ADDED from source/SoundPlusPlus-master/AndroidManifest.xml:184:4-52